Please Enter <Number of Cleaning Staff> <Number of Guests> <Number of Rooms>
2 4 3
Guest 0 Priority 2
Guest 1 Priority 3
Guest 2 Priority 3
Guest 3 Priority 2
Initialized 3 Rooms, 4 Guests, and 2 Cleaners Successfully
Thread 3 checking Total Occupancy
Thread 3 Total Occupancy is less than 2 * RoomSize
Guest 3 Acquired Room 0 Normally at time 1679492066
Accessing Room 0
Guest 3 Waiting for 29 seconds
Thread 0 checking Total Occupancy
Thread 0 Total Occupancy is less than 2 * RoomSize
Guest 0 Acquired Room 1 Normally at time 1679492072
Accessing Room 1
Guest 0 Waiting for 10 seconds
Thread 1 checking Total Occupancy
Thread 1 Total Occupancy is less than 2 * RoomSize
Guest 1 Acquired Room 2 Normally at time 1679492072
Accessing Room 2
Guest 1 Waiting for 10 seconds
Thread 2 checking Total Occupancy
Thread 2 Total Occupancy is less than 2 * RoomSize
Thread 2 finding best Guest to Evict
Thread 2 Checking Room 0
Thread 2 Checking Room 1
Thread 2 Checking Room 2
Thread 2 Evicting Guest 3 from Room 0
Guest 3 is kicked out of Room 0 at time 1679492074
Total Occupancy is 1
Guest 2 Acquired Evicted Room 0 at time 1679492074
Guest 2 Waiting for 16 seconds
Guest Guest 1 is leaving Room 0 is leaving Room 21 at time 1679492082 at time 1679492082
Pushing Room 2 into available Queue
Total Occupancy is 2

Pushing Room 1 into available Queue
Total Occupancy is 3
Guest 2 is leaving Room 0 at time 1679492090
Total Occupancy is 4
Thread 3 checking Total Occupancy
Thread 3 Total Occupancy is less than 2 * RoomSize
Guest 3 Acquired Room 2 Normally at time 1679492090
Accessing Room 2
Guest 3 Waiting for 11 seconds
Thread 1 checking Total Occupancy
Thread 1 Total Occupancy is less than 2 * RoomSize
Guest 1 Acquired Room 1 Normally at time 1679492094
Accessing Room 1
Guest 1 Waiting for 17 seconds
Thread 0 checking Total Occupancy
Thread 0 Total Occupancy is less than 2 * RoomSize
Thread 0 finding best Guest to Evict
Thread 0 Checking Room 0
Thread 0 Checking Room 1
Thread 0 Checking Room 2
Thread 0 Waiting for a room to be available
Thread 2 checking Total Occupancy
Thread 2 Total Occupancy is less than 2 * RoomSize
Thread 2 finding best Guest to Evict
Thread 2 Checking Room 0
Thread 2 Checking Room 1
Thread 2 Checking Room 2
Thread 2 Evicting Guest 3 from Room 2
Guest 3 is kicked out of Room 2 at time 1679492100
Total Occupancy is 5
Thread 2 Waiting for a room to be available
Guest 1 is leaving Room 1 at time 1679492111
Total Occupancy is 6
Cleaner 1 started cleaning at time 1679492111
Cleaner 0 started cleaning at time 1679492111
Thread 3 checking Total Occupancy
Thread 3 waiting for Total Occupancy to be less than 2 * RoomSize
Thread 2 checking Total Occupancy
Thread 2 waiting for Total Occupancy to be less than 2 * RoomSize
Thread 1 checking Total Occupancy
Thread 1 waiting for Total Occupancy to be less than 2 * RoomSize
Thread 0 checking Total Occupancy
Thread 0 waiting for Total Occupancy to be less than 2 * RoomSize
Cleaner 1 finished cleaning at time 1679492138
Cleaner 0 finished cleaning at time 1679492177
Thread 0 Total Occupancy is less than 2 * RoomSizeThread 
Guest 0 Acquired Room 1 Normally at time 1679492177
Accessing Room 1
Guest 0 Waiting for 14 seconds
Thread 3 Total Occupancy is less than 2 * RoomSize
Guest 3 Acquired Room 0 Normally at time 1679492177
Accessing Room 0
Guest 3 Waiting for 26 seconds
2 Total Occupancy is less than 2 * RoomSize
Guest 2 Acquired Room 2 Normally at time 1679492177
Accessing Room 2
Guest 2 Waiting for 26 seconds
Thread 1 Total Occupancy is less than 2 * RoomSize
Thread 1 finding best Guest to Evict
Thread 1 Checking Room 0
Thread 1 Checking Room 1
Thread 1 Checking Room 2
Thread 1 Evicting Guest 3 from Room 0
Guest 3 is kicked out of Room 0 at time 1679492177
Guest 1Total Occupancy is  Acquired Evicted Room 1
0 at time 1679492177
Guest 1 Waiting for 19 seconds
Guest 0 is leaving Room 1 at time 1679492191
Pushing Room 1 into available Queue
Total Occupancy is 2
Thread 3 checking Total Occupancy
Thread 3 Total Occupancy is less than 2 * RoomSize
Guest 3 Acquired Room 1 Normally at time 1679492194
Accessing Room 1
Guest 3 Waiting for 16 seconds
Guest 1 is leaving Room 0 at time 1679492196
Total Occupancy is 3
Guest 2 is leaving Room 2 at time 1679492203
Pushing Room 2 into available Queue
Total Occupancy is 4
Thread 0 checking Total Occupancy
Thread 0 Total Occupancy is less than 2 * RoomSize
Guest 0 Acquired Room 2 Normally at time 1679492210
Accessing Room 2
Guest 0 Waiting for 27 seconds
Guest 3 is leaving Room 1 at time 1679492210
Total Occupancy is 5
Thread 1 checking Total Occupancy
Thread 1 Total Occupancy is less than 2 * RoomSize
Thread 1 finding best Guest to Evict
Thread 1 Checking Room 0
Thread 1 Checking Room 1
Thread 1 Checking Room 2
Thread 1 Evicting Guest 0 from Room 2
Guest 0 is kicked out of Room 2 at time 1679492211
Total Occupancy is 6
Thread 1 Waiting for a room to be available
Cleaner Cleaner 1 started cleaning at time 0 started cleaning at time 16794922111679492211

Thread 2 checking Total Occupancy
Thread 2 waiting for Total Occupancy to be less than 2 * RoomSize
Thread 3 checking Total Occupancy
Thread 3 waiting for Total Occupancy to be less than 2 * RoomSize
Thread 0 checking Total Occupancy
Thread 0 waiting for Total Occupancy to be less than 2 * RoomSize
Thread 1 checking Total Occupancy
Thread 1 waiting for Total Occupancy to be less than 2 * RoomSize
Cleaner 1 finished cleaning at time 1679492241
Cleaner 0 finished cleaning at time 1679492309
Thread 2 Total Occupancy is less than 2 * RoomSize
Guest 2 Acquired Room 1 Normally at time 1679492309
Accessing Room 1
Guest Thread Thread Thread 13 Total Occupancy is less than 2 * RoomSize0
Guest 1 Acquired Room 0 Normally at time 1679492309
Accessing Room 0
Guest 1 Waiting for 12 Total Occupancy is less than 2 * RoomSize seconds
Guest 3 Acquired Room 2 Normally at time 1679492309
Accessing Room 2
Guest 23 Waiting for 23 seconds

 Waiting for  Total Occupancy is less than 2 * RoomSize
Thread 0 finding best Guest to Evict
Thread 0 Checking Room 0
Thread 0 Checking Room 1
Thread 0 Checking Room 2
Thread 0 Waiting for a room to be available
14 seconds
Guest 1 is leaving Room 0 at time 1679492321
Pushing Room 0 into available Queue
Total Occupancy is 1
Guest 0 Acquired Room 0 at time 1679492321 after waiting
Guest 0 Waiting for 27 seconds
Guest 2 is leaving Room 1 at time 1679492323
Pushing Room 1 into available Queue
Total Occupancy is 2
Guest 3 is leaving Room 2 at time 1679492332
Pushing Room 2 into available Queue
Total Occupancy is 3
Thread 1 checking Total Occupancy
Thread 1 Total Occupancy is less than 2 * RoomSize
Guest 1 Acquired Room 1 Normally at time 1679492337
Accessing Room 1
Guest 1 Waiting for 26 seconds
Thread 2 checking Total Occupancy
Thread 2 Total Occupancy is less than 2 * RoomSize
Guest 2 Acquired Room 2 Normally at time 1679492339
Accessing Room 2
Guest 2 Waiting for 13 seconds
Thread 3 checking Total Occupancy
Thread 3 Total Occupancy is less than 2 * RoomSize
Thread 3 finding best Guest to Evict
Thread 3 Checking Room 0
Thread 3 Checking Room 1
Thread 3 Checking Room 2
Thread 3 Waiting for a room to be available
Guest 0 is leaving Room 0 at time 1679492348
Total Occupancy is 4
Guest 2 is leaving Room 2 at time 1679492352
Total Occupancy is 5
Thread 0 checking Total Occupancy
Thread 0 Total Occupancy is less than 2 * RoomSize
Thread 0 finding best Guest to Evict
Thread 0 Checking Room 0
Thread 0 Checking Room 1
Thread 0 Checking Room 2
Thread 0 Waiting for a room to be available
Guest 1 is leaving Room 1 at time 1679492363
Total Occupancy is 6
Cleaner Cleaner 1 started cleaning at time 0 started cleaning at time 16794923631679492363

Thread 2 checking Total Occupancy
Thread 2 waiting for Total Occupancy to be less than 2 * RoomSize
Thread 0 checking Total Occupancy
Thread 0 waiting for Total Occupancy to be less than 2 * RoomSize
Thread Thread 1 checking Total Occupancy3
Thread 1 waiting for Total Occupancy to be less than 2 * RoomSize
 checking Total Occupancy
Thread 3 waiting for Total Occupancy to be less than 2 * RoomSize
Cleaner 1 finished cleaning at time 1679492403
Cleaner 0 finished cleaning at time 1679492438
Thread 0 Total Occupancy is less than 2 * RoomSize
Guest 0 Acquired Room 0 Normally at time 1679492438
Accessing Room 0
Thread Guest 0 Waiting for 15 seconds
Thread 1 Total Occupancy is less than 2 * RoomSize
Guest 1 Acquired Room 1 Normally at time 1679492438
Accessing Room 1
Guest 1 Waiting for 21 seconds
Thread 2 Total Occupancy is less than 2 * RoomSize
Guest 2 Acquired Room 2 Normally at time 1679492438
Accessing Room 2
Guest 2 Waiting for 14 seconds
3 Total Occupancy is less than 2 * RoomSize
Thread 3 finding best Guest to Evict
Thread 3 Checking Room 0
Thread 3 Checking Room 1
Thread 3 Checking Room 2
Thread 3 Waiting for a room to be available
Guest 2 is leaving Room 2 at time 1679492452
Pushing Room 2 into available Queue
Total Occupancy is 1
Guest 3 Acquired Room 2 at time 1679492452 after waiting
Guest 3 Waiting for 29 seconds
Guest 0 is leaving Room 0 at time 1679492453
Pushing Room 0 into available Queue
Total Occupancy is 2
Guest 1 is leaving Room 1 at time 1679492459
Pushing Room 1 into available Queue
Total Occupancy is 3
Thread 2 checking Total Occupancy
Thread 2 Total Occupancy is less than 2 * RoomSize
Guest 2 Acquired Room 0 Normally at time 1679492467
Accessing Room 0
Guest 2 Waiting for 24 seconds
Thread 1 checking Total Occupancy
Thread 1 Total Occupancy is less than 2 * RoomSize
Guest 1 Acquired Room 1 Normally at time 1679492469
Accessing Room 1
Guest 1 Waiting for 12 seconds